Apache Maven 3.3.1 (cab6659f9874fa96462afef40fcf6bc033d58c1c; 2015-03-14T01:40:27+05:30)
Maven home: D:\ProgramFiles\apache-maven-3.3.1\bin\..
Java version: 1.8.0_60, vendor: Oracle Corporation
Java home: C:\Program Files\Java\jdk1.8.0_60\jre
Default locale: en_US, platform encoding: Cp1252
OS name: "windows 7", version: "6.1", arch: "amd64", family: "dos"
[DEBUG] Created new class realm maven.api
[DEBUG] Importing foreign packages into class realm maven.api
[DEBUG]   Imported: javax.enterprise.inject.* < plexus.core
[DEBUG]   Imported: javax.enterprise.util.* < plexus.core
[DEBUG]   Imported: javax.inject.* < plexus.core
[DEBUG]   Imported: org.apache.maven.* < plexus.core
[DEBUG]   Imported: org.apache.maven.artifact < plexus.core
[DEBUG]   Imported: org.apache.maven.classrealm < plexus.core
[DEBUG]   Imported: org.apache.maven.cli < plexus.core
[DEBUG]   Imported: org.apache.maven.configuration < plexus.core
[DEBUG]   Imported: org.apache.maven.exception < plexus.core
[DEBUG]   Imported: org.apache.maven.execution < plexus.core
[DEBUG]   Imported: org.apache.maven.execution.scope < plexus.core
[DEBUG]   Imported: org.apache.maven.lifecycle < plexus.core
[DEBUG]   Imported: org.apache.maven.model < plexus.core
[DEBUG]   Imported: org.apache.maven.monitor < plexus.core
[DEBUG]   Imported: org.apache.maven.plugin < plexus.core
[DEBUG]   Imported: org.apache.maven.profiles < plexus.core
[DEBUG]   Imported: org.apache.maven.project < plexus.core
[DEBUG]   Imported: org.apache.maven.reporting < plexus.core
[DEBUG]   Imported: org.apache.maven.repository < plexus.core
[DEBUG]   Imported: org.apache.maven.rtinfo < plexus.core
[DEBUG]   Imported: org.apache.maven.settings < plexus.core
[DEBUG]   Imported: org.apache.maven.toolchain < plexus.core
[DEBUG]   Imported: org.apache.maven.usability < plexus.core
[DEBUG]   Imported: org.apache.maven.wagon.* < plexus.core
[DEBUG]   Imported: org.apache.maven.wagon.authentication < plexus.core
[DEBUG]   Imported: org.apache.maven.wagon.authorization < plexus.core
[DEBUG]   Imported: org.apache.maven.wagon.events < plexus.core
[DEBUG]   Imported: org.apache.maven.wagon.observers < plexus.core
[DEBUG]   Imported: org.apache.maven.wagon.proxy < plexus.core
[DEBUG]   Imported: org.apache.maven.wagon.repository < plexus.core
[DEBUG]   Imported: org.apache.maven.wagon.resource < plexus.core
[DEBUG]   Imported: org.codehaus.classworlds < plexus.core
[DEBUG]   Imported: org.codehaus.plexus.* < plexus.core
[DEBUG]   Imported: org.codehaus.plexus.classworlds < plexus.core
[DEBUG]   Imported: org.codehaus.plexus.component < plexus.core
[DEBUG]   Imported: org.codehaus.plexus.configuration < plexus.core
[DEBUG]   Imported: org.codehaus.plexus.container < plexus.core
[DEBUG]   Imported: org.codehaus.plexus.context < plexus.core
[DEBUG]   Imported: org.codehaus.plexus.lifecycle < plexus.core
[DEBUG]   Imported: org.codehaus.plexus.logging < plexus.core
[DEBUG]   Imported: org.codehaus.plexus.personality < plexus.core
[DEBUG]   Imported: org.codehaus.plexus.util.xml.Xpp3Dom < plexus.core
[DEBUG]   Imported: org.codehaus.plexus.util.xml.pull.XmlPullParser < plexus.core
[DEBUG]   Imported: org.codehaus.plexus.util.xml.pull.XmlPullParserException < plexus.core
[DEBUG]   Imported: org.codehaus.plexus.util.xml.pull.XmlSerializer < plexus.core
[DEBUG]   Imported: org.eclipse.aether.* < plexus.core
[DEBUG]   Imported: org.eclipse.aether.artifact < plexus.core
[DEBUG]   Imported: org.eclipse.aether.collection < plexus.core
[DEBUG]   Imported: org.eclipse.aether.deployment < plexus.core
[DEBUG]   Imported: org.eclipse.aether.graph < plexus.core
[DEBUG]   Imported: org.eclipse.aether.impl < plexus.core
[DEBUG]   Imported: org.eclipse.aether.installation < plexus.core
[DEBUG]   Imported: org.eclipse.aether.internal.impl < plexus.core
[DEBUG]   Imported: org.eclipse.aether.metadata < plexus.core
[DEBUG]   Imported: org.eclipse.aether.repository < plexus.core
[DEBUG]   Imported: org.eclipse.aether.resolution < plexus.core
[DEBUG]   Imported: org.eclipse.aether.spi < plexus.core
[DEBUG]   Imported: org.eclipse.aether.transfer < plexus.core
[DEBUG]   Imported: org.eclipse.aether.version < plexus.core
[DEBUG]   Imported: org.slf4j.* < plexus.core
[DEBUG]   Imported: org.slf4j.spi.* < plexus.core
[DEBUG] Populating class realm maven.api
[INFO] Error stacktraces are turned on.
[DEBUG] Reading global settings from D:\ProgramFiles\apache-maven-3.3.1\bin\..\conf\settings.xml
[DEBUG] Reading user settings from C:\Users\chetana_shanbhag\.m2\settings.xml
[DEBUG] Reading global toolchains from D:\ProgramFiles\apache-maven-3.3.1\bin\..\conf\toolchains.xml
[DEBUG] Reading user toolchains from C:\Users\chetana_shanbhag\.m2\toolchains.xml
[DEBUG] Using local repository at C:\Users\chetana_shanbhag\.m2\repository
[DEBUG] Using manager EnhancedLocalRepositoryManager with priority 10.0 for C:\Users\chetana_shanbhag\.m2\repository
[INFO] Scanning for projects...
[DEBUG] Using mirror nexus (http://infynexus/nexus/content/groups/ReuseGroup/) for central (http://central).
[DEBUG] Using mirror nexus (http://infynexus/nexus/content/groups/ReuseGroup/) for codelds (https://code.lds.org/nexus/content/groups/main-repo).
[DEBUG] Extension realms for project org.simplity:simplity:pom:1.0-SNAPSHOT: (none)
[DEBUG] Looking up lifecyle mappings for packaging pom from ClassRealm[plexus.core, parent: null]
[DEBUG] Extension realms for project org.simplity:kernel:jar:1.0-SNAPSHOT: (none)
[DEBUG] Looking up lifecyle mappings for packaging jar from ClassRealm[plexus.core, parent: null]
[DEBUG] Extension realms for project org.simplity:js:jar:1.0-SNAPSHOT: (none)
[DEBUG] Looking up lifecyle mappings for packaging jar from ClassRealm[plexus.core, parent: null]
[WARNING] 
[WARNING] Some problems were encountered while building the effective model for org.simplity:kernel:jar:1.0-SNAPSHOT
[WARNING] 'build.plugins.plugin.version' for org.apache.maven.plugins:maven-source-plugin is missing. @ org.simplity:kernel:[unknown-version], D:\workspace\simplity\kernel\pom.xml, line 61, column 12
[WARNING] 
[WARNING] It is highly recommended to fix these problems because they threaten the stability of your build.
[WARNING] 
[WARNING] For this reason, future Maven versions might no longer support building such malformed projects.
[WARNING] 
[INFO] ------------------------------------------------------------------------
[INFO] Reactor Build Order:
[INFO] 
[INFO] kernel
[INFO] simplity
[INFO] js
[DEBUG] Resolving plugin version for org.apache.maven.plugins:maven-source-plugin
[DEBUG] Could not find metadata org.apache.maven.plugins:maven-source-plugin/maven-metadata.xml in local (C:\Users\chetana_shanbhag\.m2\repository)
[DEBUG] Skipped remote request for org.apache.maven.plugins:maven-source-plugin/maven-metadata.xml, locally cached metadata up-to-date.
[DEBUG] Using mirror nexus (http://infynexus/nexus/content/groups/ReuseGroup/) for apache.snapshots (https://repository.apache.org/snapshots).
[DEBUG] Using mirror nexus (http://infynexus/nexus/content/groups/ReuseGroup/) for central (https://repo.maven.apache.org/maven2).
[DEBUG] Resolved plugin version for org.apache.maven.plugins:maven-source-plugin to 3.0.1 from repository nexus (http://infynexus/nexus/content/groups/ReuseGroup/, default, releases+snapshots)
[DEBUG] Resolving plugin prefix archetype from [org.apache.maven.plugins, org.codehaus.mojo]
[DEBUG] Using mirror nexus (http://infynexus/nexus/content/groups/ReuseGroup/) for apache.snapshots (http://repository.apache.org/snapshots).
[DEBUG] Using mirror nexus (http://infynexus/nexus/content/groups/ReuseGroup/) for apache.snapshots (http://people.apache.org/repo/m2-snapshot-repository).
[DEBUG] Using mirror nexus (http://infynexus/nexus/content/groups/ReuseGroup/) for codehaus.org (http://snapshots.repository.codehaus.org).
[DEBUG] Could not find metadata org.apache.maven.plugins/maven-metadata.xml in local (C:\Users\chetana_shanbhag\.m2\repository)
[DEBUG] Skipped remote request for org.apache.maven.plugins/maven-metadata.xml, locally cached metadata up-to-date.
[DEBUG] Could not find metadata org.codehaus.mojo/maven-metadata.xml in local (C:\Users\chetana_shanbhag\.m2\repository)
[DEBUG] Skipped remote request for org.codehaus.mojo/maven-metadata.xml, locally cached metadata up-to-date.
[DEBUG] Resolved plugin prefix archetype to org.apache.maven.plugins:maven-archetype-plugin from repository nexus
[DEBUG] Resolving plugin version for org.apache.maven.plugins:maven-archetype-plugin
[DEBUG] Could not find metadata org.apache.maven.plugins:maven-archetype-plugin/maven-metadata.xml in local (C:\Users\chetana_shanbhag\.m2\repository)
[DEBUG] Skipped remote request for org.apache.maven.plugins:maven-archetype-plugin/maven-metadata.xml, locally cached metadata up-to-date.
[DEBUG] Resolved plugin version for org.apache.maven.plugins:maven-archetype-plugin to 2.4 from repository nexus (http://infynexus/nexus/content/groups/ReuseGroup/, default, releases+snapshots)
[DEBUG] === REACTOR BUILD PLAN ================================================
[DEBUG] Project: org.simplity:simplity:pom:1.0-SNAPSHOT
[DEBUG] Tasks:   [archetype:generate]
[DEBUG] Style:   Aggregating
[DEBUG] =======================================================================
[INFO]                                                                         
[INFO] ------------------------------------------------------------------------
[INFO] Building simplity 1.0-SNAPSHOT
[INFO] ------------------------------------------------------------------------
[DEBUG] Resolving plugin prefix archetype from [org.apache.maven.plugins, org.codehaus.mojo]
[DEBUG] Could not find metadata org.apache.maven.plugins/maven-metadata.xml in local (C:\Users\chetana_shanbhag\.m2\repository)
[DEBUG] Skipped remote request for org.apache.maven.plugins/maven-metadata.xml, locally cached metadata up-to-date.
[DEBUG] Could not find metadata org.codehaus.mojo/maven-metadata.xml in local (C:\Users\chetana_shanbhag\.m2\repository)
[DEBUG] Skipped remote request for org.codehaus.mojo/maven-metadata.xml, locally cached metadata up-to-date.
[DEBUG] Resolved plugin prefix archetype to org.apache.maven.plugins:maven-archetype-plugin from repository nexus
[DEBUG] Resolving plugin version for org.apache.maven.plugins:maven-archetype-plugin
[DEBUG] Could not find metadata org.apache.maven.plugins:maven-archetype-plugin/maven-metadata.xml in local (C:\Users\chetana_shanbhag\.m2\repository)
[DEBUG] Skipped remote request for org.apache.maven.plugins:maven-archetype-plugin/maven-metadata.xml, locally cached metadata up-to-date.
[DEBUG] Resolved plugin version for org.apache.maven.plugins:maven-archetype-plugin to 2.4 from repository nexus (http://infynexus/nexus/content/groups/ReuseGroup/, default, releases+snapshots)
[DEBUG] Lifecycle default -> [validate, initialize, generate-sources, process-sources, generate-resources, process-resources, compile, process-classes, generate-test-sources, process-test-sources, generate-test-resources, process-test-resources, test-compile, process-test-classes, test, prepare-package, package, pre-integration-test, integration-test, post-integration-test, verify, install, deploy]
[DEBUG] Lifecycle clean -> [pre-clean, clean, post-clean]
[DEBUG] Lifecycle site -> [pre-site, site, post-site, site-deploy]
[DEBUG] Lifecycle default -> [validate, initialize, generate-sources, process-sources, generate-resources, process-resources, compile, process-classes, generate-test-sources, process-test-sources, generate-test-resources, process-test-resources, test-compile, process-test-classes, test, prepare-package, package, pre-integration-test, integration-test, post-integration-test, verify, install, deploy]
[DEBUG] Lifecycle clean -> [pre-clean, clean, post-clean]
[DEBUG] Lifecycle site -> [pre-site, site, post-site, site-deploy]
[DEBUG] === PROJECT BUILD PLAN ================================================
[DEBUG] Project:       org.simplity:simplity:1.0-SNAPSHOT
[DEBUG] Dependencies (collect): []
[DEBUG] Dependencies (resolve): []
[DEBUG] Repositories (dependencies): [nexus (http://infynexus/nexus/content/groups/ReuseGroup/, default, releases+snapshots)]
[DEBUG] Repositories (plugins)     : [nexus (http://infynexus/nexus/content/groups/ReuseGroup/, default, releases+snapshots)]
[DEBUG] --- init fork of org.simplity:simplity:1.0-SNAPSHOT for org.apache.maven.plugins:maven-archetype-plugin:2.4:generate (default-cli) ---
[DEBUG] Dependencies (collect): []
[DEBUG] Dependencies (resolve): []
[DEBUG] --- exit fork of org.simplity:simplity:1.0-SNAPSHOT for org.apache.maven.plugins:maven-archetype-plugin:2.4:generate (default-cli) ---
[DEBUG] -----------------------------------------------------------------------
[DEBUG] Goal:          org.apache.maven.plugins:maven-archetype-plugin:2.4:generate (default-cli)
[DEBUG] Style:         Regular
[DEBUG] Configuration: <?xml version="1.0" encoding="UTF-8"?>
<configuration>
  <archetypeArtifactId>${archetypeArtifactId}</archetypeArtifactId>
  <archetypeCatalog default-value="remote,local">${archetypeCatalog}</archetypeCatalog>
  <archetypeGroupId>${archetypeGroupId}</archetypeGroupId>
  <archetypeRepository>${archetypeRepository}</archetypeRepository>
  <archetypeVersion>${archetypeVersion}</archetypeVersion>
  <basedir default-value="${basedir}"/>
  <filter>${filter}</filter>
  <goals>${goals}</goals>
  <interactiveMode default-value="${settings.interactiveMode}">${interactiveMode}</interactiveMode>
  <localRepository default-value="${localRepository}"/>
  <remoteArtifactRepositories default-value="${project.remoteArtifactRepositories}"/>
  <session default-value="${session}"/>
</configuration>
[DEBUG] =======================================================================
[INFO] 
[INFO] >>> maven-archetype-plugin:2.4:generate (default-cli) > generate-sources @ simplity >>>
[INFO] 
[INFO] <<< maven-archetype-plugin:2.4:generate (default-cli) < generate-sources @ simplity <<<
[INFO] 
[INFO] --- maven-archetype-plugin:2.4:generate (default-cli) @ simplity ---
[DEBUG] Using mirror nexus (http://infynexus/nexus/content/groups/ReuseGroup/) for snapshots (http://snapshots.maven.codehaus.org/maven2).
[DEBUG] Using mirror nexus (http://infynexus/nexus/content/groups/ReuseGroup/) for codehaus.snapshots (http://snapshots.repository.codehaus.org).
[DEBUG] Using mirror nexus (http://infynexus/nexus/content/groups/ReuseGroup/) for apache-snapshots (http://people.apache.org/maven-snapshot-repository).
[DEBUG] Using mirror nexus (http://infynexus/nexus/content/groups/ReuseGroup/) for codehaus-snapshots (http://snapshots.repository.codehaus.org).
[DEBUG] Dependency collection stats: {ConflictMarker.analyzeTime=5, ConflictMarker.markTime=1, ConflictMarker.nodeCount=134, ConflictIdSorter.graphTime=1, ConflictIdSorter.topsortTime=1, ConflictIdSorter.conflictIdCount=60, ConflictIdSorter.conflictIdCycleCount=0, ConflictResolver.totalTime=16, ConflictResolver.conflictItemCount=125, DefaultDependencyCollector.collectTime=845, DefaultDependencyCollector.transformTime=27}
[DEBUG] org.apache.maven.plugins:maven-archetype-plugin:jar:2.4:
[DEBUG]    org.apache.maven.archetype:archetype-catalog:jar:2.4:compile
[DEBUG]    org.apache.maven.archetype:archetype-descriptor:jar:2.4:compile
[DEBUG]    org.apache.maven.archetype:archetype-registry:jar:2.4:compile
[DEBUG]    org.apache.maven.archetype:archetype-common:jar:2.4:compile
[DEBUG]       net.sourceforge.jchardet:jchardet:jar:1.0:compile
[DEBUG]       org.codehaus.plexus:plexus-component-annotations:jar:1.5.5:compile
[DEBUG]       dom4j:dom4j:jar:1.6.1:compile
[DEBUG]          xml-apis:xml-apis:jar:1.0.b2:compile
[DEBUG]       jdom:jdom:jar:1.0:compile
[DEBUG]       org.apache.maven:maven-model:jar:2.2.1:compile
[DEBUG]       org.apache.maven:maven-project:jar:2.2.1:compile
[DEBUG]          org.apache.maven:maven-plugin-registry:jar:2.2.1:compile
[DEBUG]          org.codehaus.plexus:plexus-interpolation:jar:1.11:compile
[DEBUG]       org.codehaus.plexus:plexus-container-default:jar:1.0-alpha-9-stable-1:compile
[DEBUG]          junit:junit:jar:4.11:test
[DEBUG]             org.hamcrest:hamcrest-core:jar:1.3:test
[DEBUG]       org.codehaus.plexus:plexus-velocity:jar:1.1.8:compile
[DEBUG]       org.apache.velocity:velocity:jar:1.5:compile
[DEBUG]          commons-lang:commons-lang:jar:2.1:compile
[DEBUG]          oro:oro:jar:2.0.8:compile
[DEBUG]    org.codehaus.plexus:plexus-utils:jar:3.0.21:compile
[DEBUG]    commons-io:commons-io:jar:2.2:compile
[DEBUG]    org.apache.maven:maven-plugin-api:jar:2.2.1:compile
[DEBUG]    org.apache.maven:maven-core:jar:2.2.1:compile
[DEBUG]       org.apache.maven:maven-settings:jar:2.2.1:compile
[DEBUG]       org.apache.maven:maven-plugin-parameter-documenter:jar:2.2.1:compile
[DEBUG]       org.slf4j:slf4j-jdk14:jar:1.5.6:runtime
[DEBUG]          org.slf4j:slf4j-api:jar:1.5.6:runtime
[DEBUG]       org.slf4j:jcl-over-slf4j:jar:1.5.6:runtime
[DEBUG]       org.apache.maven.reporting:maven-reporting-api:jar:2.2.1:compile
[DEBUG]          org.apache.maven.doxia:doxia-sink-api:jar:1.1:compile
[DEBUG]          org.apache.maven.doxia:doxia-logging-api:jar:1.1:compile
[DEBUG]       org.apache.maven:maven-profile:jar:2.2.1:compile
[DEBUG]       org.apache.maven:maven-artifact:jar:2.2.1:compile
[DEBUG]       org.apache.maven:maven-repository-metadata:jar:2.2.1:compile
[DEBUG]       org.apache.maven:maven-error-diagnostics:jar:2.2.1:compile
[DEBUG]       commons-cli:commons-cli:jar:1.2:compile
[DEBUG]       org.apache.maven:maven-plugin-descriptor:jar:2.2.1:compile
[DEBUG]       org.codehaus.plexus:plexus-interactivity-api:jar:1.0-alpha-6:compile
[DEBUG]          org.codehaus.plexus:plexus-component-api:jar:1.0-alpha-16:compile
[DEBUG]             org.codehaus.plexus:plexus-classworlds:jar:1.2-alpha-7:compile
[DEBUG]       org.apache.maven:maven-artifact-manager:jar:2.2.1:compile
[DEBUG]          backport-util-concurrent:backport-util-concurrent:jar:3.1:compile
[DEBUG]       org.apache.maven:maven-monitor:jar:2.2.1:compile
[DEBUG]       classworlds:classworlds:jar:1.1:compile
[DEBUG]       org.sonatype.plexus:plexus-sec-dispatcher:jar:1.3:compile
[DEBUG]          org.sonatype.plexus:plexus-cipher:jar:1.4:compile
[DEBUG]    org.apache.maven.shared:maven-invoker:jar:2.1.1:compile
[DEBUG]    commons-collections:commons-collections:jar:3.2.1:compile
[DEBUG]    org.codehaus.groovy:groovy:jar:1.8.3:compile
[DEBUG]       antlr:antlr:jar:2.7.7:compile
[DEBUG]       asm:asm:jar:3.2:compile
[DEBUG]       asm:asm-commons:jar:3.2:compile
[DEBUG]       asm:asm-util:jar:3.2:compile
[DEBUG]       asm:asm-analysis:jar:3.2:compile
[DEBUG]       asm:asm-tree:jar:3.2:compile
[DEBUG]    org.beanshell:bsh:jar:2.0b4:compile
[DEBUG]    org.apache.maven.shared:maven-script-interpreter:jar:1.0:compile
[DEBUG]       org.apache.ant:ant:jar:1.8.1:compile
[DEBUG] Created new class realm plugin>org.apache.maven.plugins:maven-archetype-plugin:2.4
[DEBUG] Importing foreign packages into class realm plugin>org.apache.maven.plugins:maven-archetype-plugin:2.4
[DEBUG]   Imported:  < maven.api
[DEBUG] Populating class realm plugin>org.apache.maven.plugins:maven-archetype-plugin:2.4
[DEBUG]   Included: org.apache.maven.plugins:maven-archetype-plugin:jar:2.4
[DEBUG]   Included: org.apache.maven.archetype:archetype-catalog:jar:2.4
[DEBUG]   Included: org.apache.maven.archetype:archetype-descriptor:jar:2.4
[DEBUG]   Included: org.apache.maven.archetype:archetype-registry:jar:2.4
[DEBUG]   Included: org.apache.maven.archetype:archetype-common:jar:2.4
[DEBUG]   Included: net.sourceforge.jchardet:jchardet:jar:1.0
[DEBUG]   Included: org.codehaus.plexus:plexus-component-annotations:jar:1.5.5
[DEBUG]   Included: dom4j:dom4j:jar:1.6.1
[DEBUG]   Included: xml-apis:xml-apis:jar:1.0.b2
[DEBUG]   Included: jdom:jdom:jar:1.0
[DEBUG]   Included: org.codehaus.plexus:plexus-interpolation:jar:1.11
[DEBUG]   Included: org.codehaus.plexus:plexus-velocity:jar:1.1.8
[DEBUG]   Included: org.apache.velocity:velocity:jar:1.5
[DEBUG]   Included: commons-lang:commons-lang:jar:2.1
[DEBUG]   Included: oro:oro:jar:2.0.8
[DEBUG]   Included: org.codehaus.plexus:plexus-utils:jar:3.0.21
[DEBUG]   Included: commons-io:commons-io:jar:2.2
[DEBUG]   Included: org.slf4j:slf4j-jdk14:jar:1.5.6
[DEBUG]   Included: org.slf4j:jcl-over-slf4j:jar:1.5.6
[DEBUG]   Included: org.apache.maven.reporting:maven-reporting-api:jar:2.2.1
[DEBUG]   Included: org.apache.maven.doxia:doxia-sink-api:jar:1.1
[DEBUG]   Included: org.apache.maven.doxia:doxia-logging-api:jar:1.1
[DEBUG]   Included: commons-cli:commons-cli:jar:1.2
[DEBUG]   Included: org.codehaus.plexus:plexus-interactivity-api:jar:1.0-alpha-6
[DEBUG]   Included: backport-util-concurrent:backport-util-concurrent:jar:3.1
[DEBUG]   Included: org.sonatype.plexus:plexus-sec-dispatcher:jar:1.3
[DEBUG]   Included: org.sonatype.plexus:plexus-cipher:jar:1.4
[DEBUG]   Included: org.apache.maven.shared:maven-invoker:jar:2.1.1
[DEBUG]   Included: commons-collections:commons-collections:jar:3.2.1
[DEBUG]   Included: org.codehaus.groovy:groovy:jar:1.8.3
[DEBUG]   Included: antlr:antlr:jar:2.7.7
[DEBUG]   Included: asm:asm:jar:3.2
[DEBUG]   Included: asm:asm-commons:jar:3.2
[DEBUG]   Included: asm:asm-util:jar:3.2
[DEBUG]   Included: asm:asm-analysis:jar:3.2
[DEBUG]   Included: asm:asm-tree:jar:3.2
[DEBUG]   Included: org.beanshell:bsh:jar:2.0b4
[DEBUG]   Included: org.apache.maven.shared:maven-script-interpreter:jar:1.0
[DEBUG]   Included: org.apache.ant:ant:jar:1.8.1
[DEBUG] Configuring mojo org.apache.maven.plugins:maven-archetype-plugin:2.4:generate from plugin realm ClassRealm[plugin>org.apache.maven.plugins:maven-archetype-plugin:2.4, parent: sun.misc.Launcher$AppClassLoader@70dea4e]
[DEBUG] Setting property: classpath.resource.loader.class => 'org.codehaus.plexus.velocity.ContextClassLoaderResourceLoader'.
[DEBUG] Setting property: site.resource.loader.class => 'org.codehaus.plexus.velocity.SiteResourceLoader'.
[DEBUG] Setting property: velocimacro.messages.on => 'false'.
[DEBUG] Setting property: resource.loader => 'classpath,site'.
[DEBUG] Setting property: runtime.log.invalid.references => 'false'.
[DEBUG] Setting property: resource.manager.logwhenfound => 'false'.
[DEBUG] *******************************************************************
[DEBUG] Starting Apache Velocity v1.5 (compiled: 2007-02-22 08:52:29)
[DEBUG] RuntimeInstance initializing.
[DEBUG] Default Properties File: org\apache\velocity\runtime\defaults\velocity.properties
[DEBUG] LogSystem has been deprecated. Please use a LogChute implementation.
[DEBUG] Default ResourceManager initializing. (class org.apache.velocity.runtime.resource.ResourceManagerImpl)
[DEBUG] ResourceLoader instantiated: org.codehaus.plexus.velocity.ContextClassLoaderResourceLoader
[DEBUG] ResourceLoader instantiated: org.codehaus.plexus.velocity.SiteResourceLoader
[DEBUG] ResourceCache: initialized (class org.apache.velocity.runtime.resource.ResourceCacheImpl)
[DEBUG] Default ResourceManager initialization complete.
[DEBUG] Loaded System Directive: org.apache.velocity.runtime.directive.Literal
[DEBUG] Loaded System Directive: org.apache.velocity.runtime.directive.Macro
[DEBUG] Loaded System Directive: org.apache.velocity.runtime.directive.Parse
[DEBUG] Loaded System Directive: org.apache.velocity.runtime.directive.Include
[DEBUG] Loaded System Directive: org.apache.velocity.runtime.directive.Foreach
[DEBUG] Created '20' parsers.
[DEBUG] Velocimacro : initialization starting.
[DEBUG] Velocimacro : allowInline = true : VMs can be defined inline in templates
[DEBUG] Velocimacro : allowInlineToOverride = false : VMs defined inline may NOT replace previous VM definitions
[DEBUG] Velocimacro : allowInlineLocal = false : VMs defined inline will be global in scope if allowed.
[DEBUG] Velocimacro : autoload off : VM system will not automatically reload global library macros
[DEBUG] Velocimacro : Velocimacro : initialization complete.
[DEBUG] RuntimeInstance successfully initialized.
[DEBUG] Configuring mojo 'org.apache.maven.plugins:maven-archetype-plugin:2.4:generate' with basic configurator -->
[DEBUG]   (f) archetypeArtifactId = archetype-partial
[DEBUG]   (f) archetypeCatalog = http://infynexus/nexus/content/groups/PUBLIC_REPO/
[DEBUG]   (f) archetypeGroupId = com.infosys.simplity
[DEBUG]   (f) archetypeVersion = 1.1.0
[DEBUG]   (f) basedir = D:\workspace\simplity
[DEBUG]   (f) goals = antrun:run@antrun-execute
[DEBUG]   (f) interactiveMode = false
[DEBUG]   (f) localRepository =       id: local
      url: file:///C:/Users/chetana_shanbhag/.m2/repository/
   layout: default
snapshots: [enabled => true, update => always]
 releases: [enabled => true, update => always]

[DEBUG]   (f) remoteArtifactRepositories = [      id: nexus
      url: http://infynexus/nexus/content/groups/ReuseGroup/
   layout: default
snapshots: [enabled => true, update => daily]
 releases: [enabled => true, update => daily]
]
[DEBUG]   (f) session = org.apache.maven.execution.MavenSession@530a8454
[DEBUG] -- end configuration --
[INFO] Generating project in Batch mode
[DEBUG] Searching for remote catalog: http://infynexus/nexus/content/groups/PUBLIC_REPO/archetype-catalog.xml
[WARNING] Archetype not found in any catalog. Falling back to central repository (http://repo.maven.apache.org/maven2).
[WARNING] Use -DarchetypeRepository=<your repository> if archetype's repository is elsewhere.
[DEBUG] Not found archetype com.infosys.simplity:archetype-partial:1.1.0 in cache
[DEBUG] Found archetype com.infosys.simplity:archetype-partial:1.1.0 in cache: C:\Users\chetana_shanbhag\.m2\repository\com\infosys\simplity\archetype-partial\1.1.0\archetype-partial-1.1.0.jar
[DEBUG] checking fileset archetype status on C:\Users\chetana_shanbhag\.m2\repository\com\infosys\simplity\archetype-partial\1.1.0\archetype-partial-1.1.0.jar
[DEBUG] Searching for META-INF/maven/archetype-metadata.xml inside C:\Users\chetana_shanbhag\.m2\repository\com\infosys\simplity\archetype-partial\1.1.0\archetype-partial-1.1.0.jar
[DEBUG]   - META-INF/
[DEBUG]   - META-INF/MANIFEST.MF
[DEBUG]   - archetype-resources/
[DEBUG]   - archetype-resources/src/
[DEBUG]   - archetype-resources/src/main/
[DEBUG]   - archetype-resources/src/main/webapp/
[DEBUG]   - archetype-resources/src/main/webapp/js/
[DEBUG]   - archetype-resources/src/main/webapp/WEB-INF/
[DEBUG]   - archetype-resources/src/main/webapp/WEB-INF/comp/
[DEBUG]   - archetype-resources/src/main/webapp/WEB-INF/comp/dt/
[DEBUG]   - archetype-resources/src/main/webapp/WEB-INF/comp/msg/
[DEBUG]   - META-INF/maven/
[DEBUG]   - META-INF/maven/com.infosys.simplity/
[DEBUG]   - META-INF/maven/com.infosys.simplity/archetype-partial/
[DEBUG]   - archetype-resources/build.xml
[DEBUG]   - archetype-resources/pom.xml
[DEBUG]   - archetype-resources/src/main/webapp/js/quickstart-min.js
[DEBUG]   - archetype-resources/src/main/webapp/js/simplity-min.js
[DEBUG]   - archetype-resources/src/main/webapp/WEB-INF/comp/application.xml
[DEBUG]   - archetype-resources/src/main/webapp/WEB-INF/comp/dt/kernel.xml
[DEBUG]   - archetype-resources/src/main/webapp/WEB-INF/comp/msg/kernel.xml
[DEBUG]   - META-INF/maven/archetype-metadata.xml
[DEBUG] Entry found
[DEBUG] Found archetype com.infosys.simplity:archetype-partial:1.1.0 in cache: C:\Users\chetana_shanbhag\.m2\repository\com\infosys\simplity\archetype-partial\1.1.0\archetype-partial-1.1.0.jar
[DEBUG] Searching for META-INF/maven/archetype-metadata.xml inside C:\Users\chetana_shanbhag\.m2\repository\com\infosys\simplity\archetype-partial\1.1.0\archetype-partial-1.1.0.jar
[DEBUG]   - META-INF/
[DEBUG]   - META-INF/MANIFEST.MF
[DEBUG]   - archetype-resources/
[DEBUG]   - archetype-resources/src/
[DEBUG]   - archetype-resources/src/main/
[DEBUG]   - archetype-resources/src/main/webapp/
[DEBUG]   - archetype-resources/src/main/webapp/js/
[DEBUG]   - archetype-resources/src/main/webapp/WEB-INF/
[DEBUG]   - archetype-resources/src/main/webapp/WEB-INF/comp/
[DEBUG]   - archetype-resources/src/main/webapp/WEB-INF/comp/dt/
[DEBUG]   - archetype-resources/src/main/webapp/WEB-INF/comp/msg/
[DEBUG]   - META-INF/maven/
[DEBUG]   - META-INF/maven/com.infosys.simplity/
[DEBUG]   - META-INF/maven/com.infosys.simplity/archetype-partial/
[DEBUG]   - archetype-resources/build.xml
[DEBUG]   - archetype-resources/pom.xml
[DEBUG]   - archetype-resources/src/main/webapp/js/quickstart-min.js
[DEBUG]   - archetype-resources/src/main/webapp/js/simplity-min.js
[DEBUG]   - archetype-resources/src/main/webapp/WEB-INF/comp/application.xml
[DEBUG]   - archetype-resources/src/main/webapp/WEB-INF/comp/dt/kernel.xml
[DEBUG]   - archetype-resources/src/main/webapp/WEB-INF/comp/msg/kernel.xml
[DEBUG]   - META-INF/maven/archetype-metadata.xml
[DEBUG] Entry found
[DEBUG] Creating ArchetypeConfiguration from fileset descriptor and Properties
[DEBUG] Adding requiredProperty groupId
[DEBUG] Setting property groupId=com.infosys
[DEBUG] Adding requiredProperty artifactId
[DEBUG] Setting property artifactId=LDAPLookup
[DEBUG] Adding requiredProperty version
[DEBUG] Setting property version=0.0.1-SNAPSHOT
[DEBUG] Adding requiredProperty package
[DEBUG] Setting property package=com.infosys
[DEBUG] Found archetype com.infosys.simplity:archetype-partial:1.1.0 in cache: C:\Users\chetana_shanbhag\.m2\repository\com\infosys\simplity\archetype-partial\1.1.0\archetype-partial-1.1.0.jar
[DEBUG] Found archetype com.infosys.simplity:archetype-partial:1.1.0 in cache: C:\Users\chetana_shanbhag\.m2\repository\com\infosys\simplity\archetype-partial\1.1.0\archetype-partial-1.1.0.jar
[DEBUG] checking fileset archetype status on C:\Users\chetana_shanbhag\.m2\repository\com\infosys\simplity\archetype-partial\1.1.0\archetype-partial-1.1.0.jar
[DEBUG] Searching for META-INF/maven/archetype-metadata.xml inside C:\Users\chetana_shanbhag\.m2\repository\com\infosys\simplity\archetype-partial\1.1.0\archetype-partial-1.1.0.jar
[DEBUG]   - META-INF/
[DEBUG]   - META-INF/MANIFEST.MF
[DEBUG]   - archetype-resources/
[DEBUG]   - archetype-resources/src/
[DEBUG]   - archetype-resources/src/main/
[DEBUG]   - archetype-resources/src/main/webapp/
[DEBUG]   - archetype-resources/src/main/webapp/js/
[DEBUG]   - archetype-resources/src/main/webapp/WEB-INF/
[DEBUG]   - archetype-resources/src/main/webapp/WEB-INF/comp/
[DEBUG]   - archetype-resources/src/main/webapp/WEB-INF/comp/dt/
[DEBUG]   - archetype-resources/src/main/webapp/WEB-INF/comp/msg/
[DEBUG]   - META-INF/maven/
[DEBUG]   - META-INF/maven/com.infosys.simplity/
[DEBUG]   - META-INF/maven/com.infosys.simplity/archetype-partial/
[DEBUG]   - archetype-resources/build.xml
[DEBUG]   - archetype-resources/pom.xml
[DEBUG]   - archetype-resources/src/main/webapp/js/quickstart-min.js
[DEBUG]   - archetype-resources/src/main/webapp/js/simplity-min.js
[DEBUG]   - archetype-resources/src/main/webapp/WEB-INF/comp/application.xml
[DEBUG]   - archetype-resources/src/main/webapp/WEB-INF/comp/dt/kernel.xml
[DEBUG]   - archetype-resources/src/main/webapp/WEB-INF/comp/msg/kernel.xml
[DEBUG]   - META-INF/maven/archetype-metadata.xml
[DEBUG] Entry found
[DEBUG] Searching for META-INF/maven/archetype-metadata.xml inside C:\Users\chetana_shanbhag\.m2\repository\com\infosys\simplity\archetype-partial\1.1.0\archetype-partial-1.1.0.jar
[DEBUG]   - META-INF/
[DEBUG]   - META-INF/MANIFEST.MF
[DEBUG]   - archetype-resources/
[DEBUG]   - archetype-resources/src/
[DEBUG]   - archetype-resources/src/main/
[DEBUG]   - archetype-resources/src/main/webapp/
[DEBUG]   - archetype-resources/src/main/webapp/js/
[DEBUG]   - archetype-resources/src/main/webapp/WEB-INF/
[DEBUG]   - archetype-resources/src/main/webapp/WEB-INF/comp/
[DEBUG]   - archetype-resources/src/main/webapp/WEB-INF/comp/dt/
[DEBUG]   - archetype-resources/src/main/webapp/WEB-INF/comp/msg/
[DEBUG]   - META-INF/maven/
[DEBUG]   - META-INF/maven/com.infosys.simplity/
[DEBUG]   - META-INF/maven/com.infosys.simplity/archetype-partial/
[DEBUG]   - archetype-resources/build.xml
[DEBUG]   - archetype-resources/pom.xml
[DEBUG]   - archetype-resources/src/main/webapp/js/quickstart-min.js
[DEBUG]   - archetype-resources/src/main/webapp/js/simplity-min.js
[DEBUG]   - archetype-resources/src/main/webapp/WEB-INF/comp/application.xml
[DEBUG]   - archetype-resources/src/main/webapp/WEB-INF/comp/dt/kernel.xml
[DEBUG]   - archetype-resources/src/main/webapp/WEB-INF/comp/msg/kernel.xml
[DEBUG]   - META-INF/maven/archetype-metadata.xml
[DEBUG] Entry found
[INFO] ----------------------------------------------------------------------------
[INFO] Using following parameters for creating project from Archetype: archetype-partial:1.1.0
[INFO] ----------------------------------------------------------------------------
[INFO] Parameter: groupId, Value: com.infosys
[INFO] Parameter: artifactId, Value: LDAPLookup
[INFO] Parameter: version, Value: 0.0.1-SNAPSHOT
[INFO] Parameter: package, Value: com.infosys
[INFO] Parameter: packageInPathFormat, Value: com/infosys
[INFO] Parameter: package, Value: com.infosys
[INFO] Parameter: version, Value: 0.0.1-SNAPSHOT
[INFO] Parameter: groupId, Value: com.infosys
[INFO] Parameter: artifactId, Value: LDAPLookup
[DEBUG] getFilesetArchetypeResources( "C:\Users\chetana_shanbhag\.m2\repository\com\infosys\simplity\archetype-partial\1.1.0\archetype-partial-1.1.0.jar" )
[DEBUG]   - ignored resource META-INF/
[DEBUG]   - ignored resource META-INF/MANIFEST.MF
[DEBUG]   - found resource (archetype-resources/)
[DEBUG]   - found resource (archetype-resources/)src/
[DEBUG]   - found resource (archetype-resources/)src/main/
[DEBUG]   - found resource (archetype-resources/)src/main/webapp/
[DEBUG]   - found resource (archetype-resources/)src/main/webapp/js/
[DEBUG]   - found resource (archetype-resources/)src/main/webapp/WEB-INF/
[DEBUG]   - found resource (archetype-resources/)src/main/webapp/WEB-INF/comp/
[DEBUG]   - found resource (archetype-resources/)src/main/webapp/WEB-INF/comp/dt/
[DEBUG]   - found resource (archetype-resources/)src/main/webapp/WEB-INF/comp/msg/
[DEBUG]   - ignored resource META-INF/maven/
[DEBUG]   - ignored resource META-INF/maven/com.infosys.simplity/
[DEBUG]   - ignored resource META-INF/maven/com.infosys.simplity/archetype-partial/
[DEBUG]   - found resource (archetype-resources/)build.xml
[DEBUG]   - found resource (archetype-resources/)pom.xml
[DEBUG]   - found resource (archetype-resources/)src/main/webapp/js/quickstart-min.js
[DEBUG]   - found resource (archetype-resources/)src/main/webapp/js/simplity-min.js
[DEBUG]   - found resource (archetype-resources/)src/main/webapp/WEB-INF/comp/application.xml
[DEBUG]   - found resource (archetype-resources/)src/main/webapp/WEB-INF/comp/dt/kernel.xml
[DEBUG]   - found resource (archetype-resources/)src/main/webapp/WEB-INF/comp/msg/kernel.xml
[DEBUG]   - ignored resource META-INF/maven/archetype-metadata.xml
[DEBUG]   - ignored resource META-INF/maven/archetype.xml
[DEBUG]   - ignored resource META-INF/maven/com.infosys.simplity/archetype-partial/pom.properties
[DEBUG]   - ignored resource META-INF/maven/com.infosys.simplity/archetype-partial/pom.xml
[DEBUG]   - ignored resource META-INF/maven/com.infosys.simplity/archetype-partial/pom.xml
[DEBUG]   - ignored resource META-INF/maven/com.infosys.simplity/archetype-partial/pom.properties
[DEBUG] Processing partial archetype example
[DEBUG] Processing pom D:\workspace\simplity\LDAPLookup\pom.xml with merge
[DEBUG] Processing template archetype-resources/pom.xml
[DEBUG] Merging into D:\workspace\simplity\LDAPLookup\pom.xml143918940.tmp
[DEBUG] Processing filesets
  [, src/, src/main/, src/main/webapp/, src/main/webapp/js/, src/main/webapp/WEB-INF/, src/main/webapp/WEB-INF/comp/, src/main/webapp/WEB-INF/comp/dt/, src/main/webapp/WEB-INF/comp/msg/, build.xml, pom.xml, src/main/webapp/js/quickstart-min.js, src/main/webapp/js/simplity-min.js, src/main/webapp/WEB-INF/comp/application.xml, src/main/webapp/WEB-INF/comp/dt/kernel.xml, src/main/webapp/WEB-INF/comp/msg/kernel.xml]
[DEBUG]     Processing fileset src/main/java (Filtered-Packaged) [**/*.java -- ] -> 0:
      []
[DEBUG]     Processed 0 files.
[DEBUG]     Processing fileset src/main/webapp (Filtered-Flat) [**/*.txt, **/*.xml, **/*.html -- ] -> 3:
      [src/main/webapp/WEB-INF/comp/application.xml, src/main/webapp/WEB-INF/comp/dt/kernel.xml, src/main/webapp/WEB-INF/comp/msg/kernel.xml]
[DEBUG] Processing template archetype-resources/src/main/webapp/WEB-INF/comp/application.xml
[DEBUG] Merging into D:\workspace\simplity\LDAPLookup\src\main\webapp\WEB-INF\comp\application.xml
[DEBUG] Processing template archetype-resources/src/main/webapp/WEB-INF/comp/dt/kernel.xml
[DEBUG] Merging into D:\workspace\simplity\LDAPLookup\src\main\webapp\WEB-INF\comp\dt\kernel.xml
[DEBUG] Processing template archetype-resources/src/main/webapp/WEB-INF/comp/msg/kernel.xml
[DEBUG] Merging into D:\workspace\simplity\LDAPLookup\src\main\webapp\WEB-INF\comp\msg\kernel.xml
[DEBUG]     Processed 3 files.
[DEBUG]     Copying fileset src/main/webapp (Copied-Flat) [**/*.css, **/*.xsd, **/*.js, **/*.MF, **/*.jar -- ] -> 2:
      [src/main/webapp/js/quickstart-min.js, src/main/webapp/js/simplity-min.js]
[DEBUG] Copying file src/main/webapp/js/quickstart-min.js
[DEBUG] Copying file src/main/webapp/js/simplity-min.js
[DEBUG]     Copied 2 files.
[DEBUG] Processed 3 filesets
[INFO] project created from Archetype in dir: D:\workspace\simplity\LDAPLookup
[INFO] Invoking post-archetype-generation goals: antrun:run@antrun-execute
[INFO] Scanning for projects...
[INFO]                                                                         
[INFO] ------------------------------------------------------------------------
[INFO] Building LDAPLookup Maven Webapp 0.0.1-SNAPSHOT
[INFO] ------------------------------------------------------------------------
[INFO] 
[INFO] --- maven-antrun-plugin:1.8:run (antrun-execute) @ LDAPLookup ---
[INFO] No Ant target defined - SKIPPED
[INFO] ------------------------------------------------------------------------
[INFO] BUILD SUCCESS
[INFO] ------------------------------------------------------------------------
[INFO] Total time: 1.045 s
[INFO] Finished at: 2016-11-04T15:50:04+05:30
[INFO] Final Memory: 9M/184M
[INFO] ------------------------------------------------------------------------
[INFO] ------------------------------------------------------------------------
[INFO] Reactor Summary:
[INFO] 
[INFO] kernel ............................................. SKIPPED
[INFO] simplity ........................................... SUCCESS [ 34.629 s]
[INFO] js ................................................. SKIPPED
[INFO] ------------------------------------------------------------------------
[INFO] BUILD SUCCESS
[INFO] ------------------------------------------------------------------------
[INFO] Total time: 35.668 s
[INFO] Finished at: 2016-11-04T15:50:05+05:30
[INFO] Final Memory: 15M/192M
[INFO] ------------------------------------------------------------------------
