2017-01-16 23:50:49,859 [main] INFO  org.apache.torque.generator.control.Controller - readConfiguration() : Starting to read configuration files
2017-01-16 23:50:50,216 [main] INFO  org.apache.torque.generator.control.Controller - readConfiguration() : Configuration read.
2017-01-16 23:50:50,218 [main] INFO  org.apache.torque.generator.control.Controller - Processing output torque.jdbc2schema
2017-01-16 23:50:50,221 [main] INFO  org.apache.torque.generator.control.Controller - Processing source JdbcMetadataSource using url jdbc:mysql://localhost:3306/employees
2017-01-16 23:51:48,227 [main] INFO  org.apache.torque.generator.control.Controller - readConfiguration() : Starting to read configuration files
2017-01-16 23:51:48,637 [main] INFO  org.apache.torque.generator.control.Controller - readConfiguration() : Configuration read.
2017-01-16 23:51:48,639 [main] INFO  org.apache.torque.generator.control.Controller - Processing output torque.jdbc2schema
2017-01-16 23:51:48,642 [main] INFO  org.apache.torque.generator.control.Controller - Processing source JdbcMetadataSource using url jdbc:mysql://localhost:3306/employees
2017-01-16 23:52:17,895 [main] INFO  org.apache.torque.generator.control.Controller - readConfiguration() : Starting to read configuration files
2017-01-16 23:52:18,439 [main] INFO  org.apache.torque.generator.control.Controller - readConfiguration() : Configuration read.
2017-01-16 23:52:18,441 [main] INFO  org.apache.torque.generator.control.Controller - Processing output torque.jdbc2schema
2017-01-16 23:52:18,446 [main] INFO  org.apache.torque.generator.control.Controller - Processing source JdbcMetadataSource using url jdbc:mysql://localhost:3306/employees
2017-01-16 23:53:31,090 [main] INFO  org.apache.torque.generator.control.Controller - readConfiguration() : Starting to read configuration files
2017-01-16 23:53:31,480 [main] INFO  org.apache.torque.generator.control.Controller - readConfiguration() : Configuration read.
2017-01-16 23:53:31,482 [main] INFO  org.apache.torque.generator.control.Controller - Processing output torque.jdbc2schema
2017-01-16 23:53:31,485 [main] INFO  org.apache.torque.generator.control.Controller - Processing source JdbcMetadataSource using url jdbc:mysql://localhost:3306/employees
2017-01-16 23:54:41,274 [main] INFO  org.apache.torque.generator.control.Controller - readConfiguration() : Starting to read configuration files
2017-01-16 23:54:41,632 [main] INFO  org.apache.torque.generator.control.Controller - readConfiguration() : Configuration read.
2017-01-16 23:54:41,634 [main] INFO  org.apache.torque.generator.control.Controller - Processing output torque.jdbc2schema
2017-01-16 23:54:41,637 [main] INFO  org.apache.torque.generator.control.Controller - Processing source JdbcMetadataSource using url jdbc:mysql://localhost:3306/employees
2017-01-16 23:54:42,118 [main] INFO  org.apache.torque.generator.control.Controller - Start generation of File D:\Workspace\experiments\SimplityDemo\target\generated-sources\schema.xml
2017-01-16 23:56:23,992 [main] INFO  org.apache.torque.generator.control.Controller - readConfiguration() : Starting to read configuration files
2017-01-16 23:56:24,385 [main] INFO  org.apache.torque.generator.control.Controller - readConfiguration() : Configuration read.
2017-01-16 23:56:24,387 [main] INFO  org.apache.torque.generator.control.Controller - Processing output torque.jdbc2schema
2017-01-16 23:56:24,389 [main] INFO  org.apache.torque.generator.control.Controller - Processing source JdbcMetadataSource using url jdbc:mysql://localhost:3306/employees
2017-01-16 23:56:25,071 [main] INFO  org.apache.torque.generator.control.Controller - Start generation of File D:\Workspace\experiments\SimplityDemo\target\generated-sources\schema.xml
2017-01-17 00:00:01,298 [main] INFO  org.apache.torque.generator.control.Controller - readConfiguration() : Starting to read configuration files
2017-01-17 00:00:01,691 [main] INFO  org.apache.torque.generator.control.Controller - readConfiguration() : Configuration read.
2017-01-17 00:00:01,693 [main] INFO  org.apache.torque.generator.control.Controller - Processing output torque.jdbc2schema
2017-01-17 00:00:01,697 [main] INFO  org.apache.torque.generator.control.Controller - Processing source JdbcMetadataSource using url jdbc:mysql://localhost:3306/employees
2017-01-17 00:00:02,542 [main] INFO  org.apache.torque.generator.control.Controller - Start generation of File D:\Workspace\experiments\SimplityDemo\target\generated-sources\schema.xml
